<?xml version="1.0" encoding="UTF-8"?>
<!-- Generated by org.testng.reporters.JUnitReportReporter -->
<testsuite hostname="DESKTOP-89KQ6QM" failures="0" tests="7" name="mainTest" time="42.187" errors="0" timestamp="2025-03-14T17:44:07 AEDT" skipped="0">
  <testcase classname="mainTest" name="test_case_2" time="2.559"/>
  <testcase classname="mainTest" name="test_case_2" time="4.468"/>
  <testcase classname="mainTest" name="test_case_2" time="12.759"/>
  <testcase classname="mainTest" name="test_case_1" time="1.147"/>
  <testcase classname="mainTest" name="test_case_2" time="12.687"/>
  <testcase classname="mainTest" name="test_case_2" time="6.145"/>
  <testcase classname="mainTest" name="test_case_3" time="2.422"/>
</testsuite> <!-- mainTest -->
