<?xml version="1.0" encoding="UTF-8"?>
<!-- Generated by org.testng.reporters.JUnitReportReporter -->
<testsuite hostname="DESKTOP-89KQ6QM" failures="0" tests="7" name="mainTest" time="27.870" errors="0" timestamp="2025-03-14T18:02:10 AEDT" skipped="0">
  <testcase classname="mainTest" name="test_case_2" time="3.475"/>
  <testcase classname="mainTest" name="test_case_2" time="11.061"/>
  <testcase classname="mainTest" name="test_case_2" time="2.706"/>
  <testcase classname="mainTest" name="test_case_3" time="2.475"/>
  <testcase classname="mainTest" name="test_case_2" time="4.084"/>
  <testcase classname="mainTest" name="test_case_2" time="2.774"/>
  <testcase classname="mainTest" name="test_case_1" time="1.295"/>
</testsuite> <!-- mainTest -->
