<?xml version="1.0" encoding="UTF-8"?>
<!-- Generated by org.testng.reporters.JUnitReportReporter -->
<testsuite hostname="DESKTOP-89KQ6QM" failures="0" tests="7" name="mainTest" time="49.392" errors="0" timestamp="2025-03-14T23:22:44 AEDT" skipped="0">
  <testcase classname="mainTest" name="test_case_2" time="2.984"/>
  <testcase classname="mainTest" name="test_case_2" time="15.285"/>
  <testcase classname="mainTest" name="test_case_2" time="5.858"/>
  <testcase classname="mainTest" name="test_case_2" time="3.225"/>
  <testcase classname="mainTest" name="test_case_2" time="12.524"/>
  <testcase classname="mainTest" name="test_case_3" time="6.946"/>
  <testcase classname="mainTest" name="test_case_1" time="2.570"/>
</testsuite> <!-- mainTest -->
