<?xml version="1.0" encoding="UTF-8"?>
<!-- Generated by org.testng.reporters.JUnitReportReporter -->
<testsuite hostname="DESKTOP-89KQ6QM" failures="0" tests="7" name="mainTest" time="45.413" errors="0" timestamp="2025-03-14T17:35:46 AEDT" skipped="0">
  <testcase classname="mainTest" name="test_case_2" time="11.206"/>
  <testcase classname="mainTest" name="test_case_2" time="5.686"/>
  <testcase classname="mainTest" name="test_case_3" time="2.663"/>
  <testcase classname="mainTest" name="test_case_1" time="1.244"/>
  <testcase classname="mainTest" name="test_case_2" time="3.258"/>
  <testcase classname="mainTest" name="test_case_2" time="19.456"/>
  <testcase classname="mainTest" name="test_case_2" time="1.900"/>
</testsuite> <!-- mainTest -->
